[02/02/22 17:34:40] "San Holo - show me (Stingray SONGBOOK Session)" | https://www.youtube.com/watch?v=ITgivG9etVM&list=RDMM&index=3 | time=0 | clip=paste
[09/02/22 21:20:22] "The BEST case got SMALLER!" | https://yewtu.be/watch?v=LGFKXUuahwo | time=0 | clip=paste
[09/02/22 21:37:56] "Why Manjaro Bundling Vivaldi is a Good Choice" | https://www.youtube.com/watch?v=fJU0pmPoLGA | time=0 | clip=paste
[09/02/22 21:46:32] "How To Improve Performance And Rendering Times In Kdenlive" | https://www.youtube.com/watch?v=e6AQdMTq0ZM | time=0 | clip=paste
[09/02/22 21:54:15] "New To Linux? Try Solus OS!" | https://www.youtube.com/watch?v=o8tvUkc5d_w | time=0 | clip=paste
[09/02/22 21:59:36] "Best Open Source Alternatives To Discord!" | https://www.youtube.com/watch?v=hP3AYsKwxEc | time=0 | clip=paste
[09/02/22 22:07:13] "Live Wallpapers For Linux: Komorebi Revisited" | https://www.youtube.com/watch?v=mKYvMQI6QPg | time=0 | clip=paste
[17/02/22 18:56:12] "SE vs TS | SGB vs LX (Bo3) - Vòng Loại Seagame31 - Vòng 2 | Tuần 1 Ngày 4 2022-02-17 18:56" | https://www.youtube.com/watch?v=mORH041hndc | time=0 | clip=paste
[20/02/22 17:13:10] "LX vs SE | TS vs SGB (Bo3) - VCS Mùa Xuân 2022 - Tuần 2 Ngày 3 2022-02-20 17:13" | https://www.youtube.com/watch?v=86J2-IGBFr8 | time=0 | clip=paste
[23/02/22 21:11:18] "Embedding Lua in C++ #1" | https://www.youtube.com/watch?v=4wWI1iv4KEE | time=0 | clip=paste
[23/02/22 21:12:38] "Making Mpv Even Better With Some Lua Scripts" | https://www.youtube.com/watch?v=b8GoHyKw_8Q | time=0 | clip=paste
[24/02/22 10:23:40] "274145819_2048491208662162_999199298088047854_n.mp4" | https://media.discordapp.net/attachments/889947477971722286/946244932186820698/274145819_2048491208662162_999199298088047854_n.mp4 | time=0 | clip=paste
[24/02/22 21:58:17] "Fix Lag in Vegas Pro 18 and 19! (2021)" | https://www.youtube.com/watch?v=nezdBQAZFNI | time=0 | clip=paste
[26/02/22 22:37:30] "VID20220226104629.mp4" | https://media.discordapp.net/attachments/889947477971722286/947155299708592168/VID20220226104629.mp4 | time=0 | clip=paste
[26/02/22 23:13:04] "53072391_4995409373850254_6407742297363978017_n.mp4" | https://media.discordapp.net/attachments/470532280465752074/947135942215467058/53072391_4995409373850254_6407742297363978017_n.mp4 | time=0 | clip=paste
[27/02/22 13:38:10] "43760932_492309922266155_4964759691118760913_n.mp4" | https://media.discordapp.net/attachments/889947477971722286/947381744913506335/43760932_492309922266155_4964759691118760913_n.mp4 | time=0 | clip=paste
[27/02/22 13:58:11] "This dead guy still registers alive on the motion sensor." | https://www.reddit.com/r/metro/comments/szllvh/this_dead_guy_still_registers_alive_on_the_motion/ | time=0 | clip=paste
[27/02/22 23:40:46] "chunklist.m3u8" | https://nvndcagevswv87c6afake.thapcam.link/live/_definst_/stream_1_1bda7@may1SD/chunklist.m3u8 | time=0 | clip=paste
[28/02/22 01:14:30] "ESL_CSGO (live) 2022-02-28 01:14" | https://www.twitch.tv/esl_csgo | time=0 | clip=paste
[07/03/22 10:15:45] "startmenu_taskbar.mp4" | https://ameliorated.info/video/startmenu_taskbar.mp4 | time=0 | clip=paste
[07/03/22 15:04:24] "2022-03-07_11-28-25.mp4" | https://media.discordapp.net/attachments/889947477971722286/950301652408209428/2022-03-07_11-28-25.mp4 | time=0 | clip=paste
[07/03/22 15:05:10] "2022-03-07_10-51-42.mp4" | https://media.discordapp.net/attachments/889947477971722286/950302917221560381/2022-03-07_10-51-42.mp4 | time=0 | clip=paste
[07/03/22 15:13:21] "2022-03-07_15-10-08.mp4" | https://media.discordapp.net/attachments/889947477971722286/950304724719112202/2022-03-07_15-10-08.mp4 | time=0 | clip=paste
[09/03/22 11:55:37] "20220309-113920-danser_2022-03-09_11-37-48.20220309-114214.mp4" | https://media.discordapp.net/attachments/889947477971722286/950976870202085417/20220309-113920-danser_2022-03-09_11-37-48.20220309-114214.mp4 | time=0 | clip=paste
[10/03/22 16:30:33] "redditsave.com__-jbgia0bqfk381.mp4" | https://media.discordapp.net/attachments/889947477971722286/951410525722525696/redditsave.com__-jbgia0bqfk381.mp4 | time=0 | clip=paste
[10/03/22 21:34:23] "dit_me_united.mp4" | https://media.discordapp.net/attachments/889947477971722286/951487007719321610/dit_me_united.mp4 | time=0 | clip=paste
[11/03/22 22:54:47] "275706878_1014675232457195_1274470257006216302_n.png" | https://cdn.discordapp.com/attachments/889947477971722286/951870597053435904/275706878_1014675232457195_1274470257006216302_n.png | time=0 | clip=paste
[23/04/22 20:58:31] "LPL (live) 2022-04-23 20:58" | https://www.twitch.tv/lpl | time=0 | clip=paste
[23/04/22 20:59:42] "chunklist.m3u8" | https://nvndcagevswv87c6afake.thapcam.link/live/_definst_/stream_1_1bda7@may3SD/chunklist.m3u8 | time=0 | clip=paste
[23/04/22 20:59:57] "chunklist.m3u8" | https://livestream-2.socialstreaming.tv/live/626400e0ac7c4f001ce1f9d4/626400e0ac7c4f001ce1f9d4.m3u8 | time=0 | clip=paste
[26/09/22 00:26:04] "corsace (live) 2022-09-26 00:26" | https://www.twitch.tv/corsace | time=0 | clip=paste
[08/10/22 08:38:12] "T1 vs. EDG | WORLDS 22 | GROUPS - DAY 1 2022-10-08 08:38" | https://www.youtube.com/watch?v=uFIF7VZ_1iM | time=0 | clip=paste
[08/10/22 11:13:53] "Riot Games (live) 2022-10-08 11:13" | https://www.twitch.tv/riotgames | time=0 | clip=paste
[14/10/22 16:12:49] "Cozy Keyboard ASMR ☁ | 9 different Keyboards (no mid-roll ads)" | https://www.youtube.com/watch?v=U7Y50T7NKyw | time=0 | clip=paste
[Friday/December 16/12/2022 21:08:48] "BLASTPremier (live) 2022-12-16 21:08" | https://www.twitch.tv/blastpremier | length=0 | time=0 | clip=paste
[Wednesday/December 21/12/2022 20:00:31] "playlist.m3u8" | https://179314182.global.cdnfastest.com/live/may1FHD/playlist.m3u8 | length=2.666666666667 | time=0 | clip=paste
[Wednesday/December 21/12/2022 20:01:11] "playlist.m3u8" | https://179314182.global.cdnfastest.com/live/live/playlist.m3u8 | length=0 | time=0 | clip=paste
[Sunday/January 01/01/2023 23:33:26] "BobRoss (live) 2023-01-01 23:33" | https://www.twitch.tv/bobross | length=1.9969222222222 | time=0 | clip=paste
[Tuesday/January 10/01/2023 21:06:53] "SEASON 2023 KICKOFF | Vietnam Championship Series - LMHT 2023-01-10 21:06" | https://www.youtube.com/watch?v=ux3J9L1dtz4 | length=0 | time=0 | clip=paste
[Thursday/February 02/02/2023 02:06:32] "laohac" | http://gg.gg/vn360sport | length=0 | time=0 | clip=paste
[Thursday/February 02/02/2023 02:07:35] http://gg.gg/coocaa | length=0 | time=0 | clip=paste
[Thursday/February 02/02/2023 12:55:27] http://58.187.221.104:4022/udp/225.1.1.155:30120 | length=0 | time=0 | clip=paste
[Sunday/February 12/02/2023 15:53:50] "[🔴LIVE] DK vs HLE - T1 vs DRX | 2023 LCK Spring Split 2023-02-12 15:53" | https://www.youtube.com/watch?v=96iS84vTy2U | length=0 | time=0 | clip=paste
[Wednesday/February 15/02/2023 15:30:21] "[🔴LIVE] KT vs DRX - HLE vs NS | 2023 LCK Spring Split 2023-02-15 15:30" | https://www.youtube.com/watch?v=5pX347sLaMA | length=0 | time=0 | clip=paste
[Thursday/February 16/02/2023 01:00:27] "564925_BekinhcanVutoGiongngotvl.mp4" | https://rphangarchive.com/2022/09/564925_BekinhcanVutoGiongngotvl.mp4 | length=38.429024943311 | time=0 | clip=paste
[Thursday/February 16/02/2023 01:00:59] "585998_em_2k6_thpt_linh_trung_.mov" | https://rphangarchive.com/2022/10/585998_em_2k6_thpt_linh_trung_.mov | length=31.463038548753 | time=0 | clip=paste
[Thursday/February 16/02/2023 01:01:49] "586001_Em_teen_vung_cao_bi_choi_tap_the_.mov" | https://rphangarchive.com/2022/10/586001_Em_teen_vung_cao_bi_choi_tap_the_.mov | length=326.84408163265 | time=0 | clip=paste
[Thursday/February 16/02/2023 01:02:31] "586016_hoc_sinh_ma_vu_to_qua.mp4" | https://rphangarchive.com/2022/10/586016_hoc_sinh_ma_vu_to_qua.mp4 | length=12.167256235828 | time=0 | clip=paste
[Saturday/February 25/02/2023 00:25:48] https://www.youtube.com/watch?v=rUxyKA_-grg | length=11130.781 | time=0 | clip=paste
[Saturday/February 25/02/2023 13:47:09] "[🔴LIVE] T1 vs KT - NS vs LSB | 2023 LCK Spring Split 2023-02-25 13:47" | https://www.youtube.com/watch?v=hdilqZcs21E | length=0 | time=0 | clip=paste
[Sunday/February 26/02/2023 14:29:12] "Japanese soft indie/rock, that would be in Goodnight Punpun's playlist" | https://www.youtube.com/watch?v=DXKojYz25Gw | length=3628.961 | time=0 | clip=paste
[Sunday/February 26/02/2023 23:42:17] https://xem8.vebo3.org/truc-tiep/manchester-united-vs-newcastle-united-N3eD0JW | length=3319.721 | time=0 | clip=paste
[Tuesday/February 28/02/2023 09:28:53] "cYCloit.jpeg" | https://imgur.com/cYCloit.jpeg | length=0 | time=0 | clip=paste
[Tuesday/February 28/02/2023 09:29:13] https://imgur.com/gallery/ltXpOUN | length=0 | time=0 | clip=paste
[Wednesday/March 01/03/2023 22:48:17] https://www.youtube.com/watch?v=5zZZs4Yw9cc | length=1601.461 | time=0 | clip=paste
[Thursday/March 02/03/2023 15:54:50] "[🔴LIVE] KT vs GEN - NS vs HLE | 2023 LCK Spring Split 2023-03-02 15:54" | https://www.youtube.com/watch?v=dDMN8ldXP38 | length=0 | time=0 | clip=paste
[Sunday/March 05/03/2023 21:32:52] "Official髭男dism - I LOVE...［Official Video］" | https://www.youtube.com/watch?v=bt8wNQJaKAk | length=288.481 | time=33.242 | clip=copy
[Monday/March 06/03/2023 20:44:54] "Fujii Kaze - Shinunoga E-Wa (Visual)" | https://www.youtube.com/watch?v=dawrQnvwMTY | length=191.381 | time=55.733011500003 | clip=copy
[Wednesday/March 08/03/2023 19:40:31] "Fujii Kaze - Shinunoga E-Wa (Visual)" | https://www.youtube.com/watch?v=dawrQnvwMTY | length=191.381 | time=0 | clip=paste
[Wednesday/March 08/03/2023 19:46:31] "Fujii Kaze - Shinunoga E-Wa Live at Nippon Budokan (2020)" | https://www.youtube.com/watch?v=lRVJuPI5IXI | length=254.281 | time=0 | clip=paste
[Wednesday/March 08/03/2023 19:50:53] "Fujii Kaze - Matsuri Live at Panasonic Stadium Suita" | https://www.youtube.com/watch?v=fDg3PTQ1tzM | length=276.581 | time=0 | clip=paste
[Wednesday/March 08/03/2023 19:55:34] "Ditto" | https://www.youtube.com/watch?v=-g9I2neQR7w | length=185.521 | time=0 | clip=paste
[Wednesday/March 08/03/2023 19:59:19] "OMG" | https://www.youtube.com/watch?v=2Kff0U8w-aU | length=212.261 | time=0 | clip=paste
[Wednesday/March 08/03/2023 20:07:39] "keshi - LIMBO (Lyric Video)" | https://www.youtube.com/watch?v=1i8WJ8cRWsE | length=214.161 | time=0 | clip=paste
[Wednesday/March 08/03/2023 20:11:27] "[Playlist] Keshi best song" | https://www.youtube.com/watch?v=RJIf6M6t0EM | length=1790.501 | time=0 | clip=paste
[Wednesday/March 08/03/2023 20:56:34] "♫ a keshi playlist (42 songs) [GABRIEL update]" | https://www.youtube.com/watch?v=QAStDQ5Evw4 | length=7382.401 | time=0 | clip=paste
[Wednesday/March 08/03/2023 21:00:36] "keshi - War With Heaven [For Shang-Chi Album] (Official Audio)" | https://www.youtube.com/watch?v=9jdReDQre38 | length=193.381 | time=0 | clip=paste
[Saturday/March 18/03/2023 23:47:01] "Brand New" | https://www.youtube.com/watch?v=OsYJWLaq9UI | length=156.401 | time=0 | clip=paste
[Saturday/March 18/03/2023 23:49:38] C:\ytdl\With_Somebody-hLHyeMOpbQQ.mkv | length=204.16 | time=0 | clip=paste
[Sunday/March 19/03/2023 00:28:19] "I Bought the Last One Apple Ever Made..." | https://www.youtube.com/watch?v=eFnj7LvhvR4 | length=1144.921 | time=0 | clip=paste
[Sunday/March 19/03/2023 00:28:42] C:\ytdl\M7Lr3ujt4Ro-Why_Did_I_Promise_To_Build_This.mkv | length=8502.06 | time=0 | clip=paste
[Tuesday/April 11/04/2023 10:25:18] "❔ 2023-04-11 10:25" | https://www.youtube.com/watch?v=MVPTGNGiI-4 | length=3.9766447777802 | time=0 | clip=paste
[Tuesday/April 11/04/2023 10:42:45] https://www.youtube.com/watch?v=LZOOVhu3T70 | length=3085.021 | time=0 | clip=paste
